<?xml version="1.0" encoding="UTF-8"?>
<testsuite xmlns:xsi="http://www.w3.org/2001/XMLSchema-instance" xsi:noNamespaceSchemaLocation="https://maven.apache.org/surefire/maven-surefire-plugin/xsd/surefire-test-report.xsd" name="demo.HikerTest" time="0.027" tests="4" errors="0" skipped="0" failures="0">
  <properties>
[...]
</properties>
  <testcase name="life_the_universe_and_everything" classname="demo.HikerTest" time="0.017"/>
  <testcase name="fizz_test" classname="demo.HikerTest" time="0"/>
  <testcase name="fizzbuzz_test" classname="demo.HikerTest" time="0.001"/>
  <testcase name="buzz_test" classname="demo.HikerTest" time="0"/>
</testsuite>